[2020-01-28 17:57:25] local.DEBUG: Tblentclns: {  }
  
[2020-01-28 18:08:29] local.ERROR: Cannot use object of type Tblentrcp as array {"exception":"[object] (Symfony\\Component\\Debug\\Exception\\FatalThrowableError(code: 0): Cannot use object of type Tblentrcp as array at C:\\xampp\\htdocs\\cero\\app\\Http\\Controllers\\UsersController.php:324)
[stacktrace]
#0 [internal function]: App\\Http\\Controllers\\UsersController->stadistics()
#1 C:\\xampp\\htdocs\\cero\\vendor\\laravel\\framework\\src\\Illuminate\\Routing\\Controller.php(54): call_user_func_array(Array, Array)
#2 C:\\xampp\\htdocs\\cero\\vendor\\laravel\\framework\\src\\Illuminate\\Routing\\ControllerDispatcher.php(45): Illuminate\\Routing\\Controller->callAction('stadistics', Array)
#3 C:\\xampp\\htdocs\\cero\\vendor\\laravel\\framework\\src\\Illuminate\\Routing\\Route.php(219): Illuminate\\Routing\\ControllerDispatcher->dispatch(Object(Illuminate\\Routing\\Route), Object(App\\Http\\Controllers\\UsersController), 'stadistics')
#4 C:\\xampp\\htdocs\\cero\\vendor\\laravel\\framework\\src\\Illuminate\\Routing\\Route.php(176): Illuminate\\Routing\\Route->runController()
#5 C:\\xampp\\htdocs\\cero\\vendor\\laravel\\framework\\src\\Illuminate\\Routing\\Router.php(681): Illuminate\\Routing\\Route->run()
#6 C:\\xampp\\htdocs\\cero\\vendor\\laravel\\framework\\src\\Illuminate\\Pipeline\\Pipeline.php(130): Illuminate\\Routing\\Router->Illuminate\\Routing\\{closure}(Object(Illuminate\\Http\\Request))
#7 C:\\xampp\\htdocs\\cero\\vendor\\laravel\\framework\\src\\Illuminate\\Routing\\Middleware\\SubstituteBindings.php(41): Illuminate\\Pipeline\\Pipeline->Illuminate\\Pipeline\\{closure}(Object(Illuminate\\Http\\Request))
#8 C:\\xampp\\htdocs\\cero\\vendor\\laravel\\framework\\src\\Illuminate\\Pipeline\\Pipeline.php(171): Illuminate\\Routing\\Middleware\\SubstituteBindings->handle(Object(Illuminate\\Http\\Request), Object(Closure))
#9 C:\\xampp\\htdocs\\cero\\vendor\\laravel\\framework\\src\\Illuminate\\Routing\\Middleware\\ThrottleRequests.php(59): Illuminate\\Pipeline\\Pipeline->Illuminate\\Pipeline\\{closure}(Object(Illuminate\\Http\\Request))
#10 C:\\xampp\\htdocs\\cero\\vendor\\laravel\\framework\\src\\Illuminate\\Pipeline\\Pipeline.php(171): Illuminate\\Routing\\Middleware\\ThrottleRequests->handle(Object(Illuminate\\Http\\Request), Object(Closure), 60, '1')
#11 C:\\xampp\\htdocs\\cero\\vendor\\laravel\\framework\\src\\Illuminate\\Pipeline\\Pipeline.php(105): Illuminate\\Pipeline\\Pipeline->Illuminate\\Pipeline\\{closure}(Object(Illuminate\\Http\\Request))
#12 C:\\xampp\\htdocs\\cero\\vendor\\laravel\\framework\\src\\Illuminate\\Routing\\Router.php(683): Illuminate\\Pipeline\\Pipeline->then(Object(Closure))
#13 C:\\xampp\\htdocs\\cero\\vendor\\laravel\\framework\\src\\Illuminate\\Routing\\Router.php(658): Illuminate\\Routing\\Router->runRouteWithinStack(Object(Illuminate\\Routing\\Route), Object(Illuminate\\Http\\Request))
#14 C:\\xampp\\htdocs\\cero\\vendor\\laravel\\framework\\src\\Illuminate\\Routing\\Router.php(624): Illuminate\\Routing\\Router->runRoute(Object(Illuminate\\Http\\Request), Object(Illuminate\\Routing\\Route))
#15 C:\\xampp\\htdocs\\cero\\vendor\\laravel\\framework\\src\\Illuminate\\Routing\\Router.php(613): Illuminate\\Routing\\Router->dispatchToRoute(Object(Illuminate\\Http\\Request))
#16 C:\\xampp\\htdocs\\cero\\vendor\\laravel\\framework\\src\\Illuminate\\Foundation\\Http\\Kernel.php(170): Illuminate\\Routing\\Router->dispatch(Object(Illuminate\\Http\\Request))
#17 C:\\xampp\\htdocs\\cero\\vendor\\laravel\\framework\\src\\Illuminate\\Pipeline\\Pipeline.php(130): Illuminate\\Foundation\\Http\\Kernel->Illuminate\\Foundation\\Http\\{closure}(Object(Illuminate\\Http\\Request))
#18 C:\\xampp\\htdocs\\cero\\vendor\\laravel\\framework\\src\\Illuminate\\Foundation\\Http\\Middleware\\TransformsRequest.php(21): Illuminate\\Pipeline\\Pipeline->Illuminate\\Pipeline\\{closure}(Object(Illuminate\\Http\\Request))
#19 C:\\xampp\\htdocs\\cero\\vendor\\laravel\\framework\\src\\Illuminate\\Pipeline\\Pipeline.php(171): Illuminate\\Foundation\\Http\\Middleware\\TransformsRequest->handle(Object(Illuminate\\Http\\Request), Object(Closure))
#20 C:\\xampp\\htdocs\\cero\\vendor\\laravel\\framework\\src\\Illuminate\\Foundation\\Http\\Middleware\\TransformsRequest.php(21): Illuminate\\Pipeline\\Pipeline->Illuminate\\Pipeline\\{closure}(Object(Illuminate\\Http\\Request))
#21 C:\\xampp\\htdocs\\cero\\vendor\\laravel\\framework\\src\\Illuminate\\Pipeline\\Pipeline.php(171): Illuminate\\Foundation\\Http\\Middleware\\TransformsRequest->handle(Object(Illuminate\\Http\\Request), Object(Closure))
#22 C:\\xampp\\htdocs\\cero\\vendor\\laravel\\framework\\src\\Illuminate\\Foundation\\Http\\Middleware\\ValidatePostSize.php(27): Illuminate\\Pipeline\\Pipeline->Illuminate\\Pipeline\\{closure}(Object(Illuminate\\Http\\Request))
#23 C:\\xampp\\htdocs\\cero\\vendor\\laravel\\framework\\src\\Illuminate\\Pipeline\\Pipeline.php(171): Illuminate\\Foundation\\Http\\Middleware\\ValidatePostSize->handle(Object(Illuminate\\Http\\Request), Object(Closure))
#24 C:\\xampp\\htdocs\\cero\\vendor\\laravel\\framework\\src\\Illuminate\\Foundation\\Http\\Middleware\\CheckForMaintenanceMode.php(63): Illuminate\\Pipeline\\Pipeline->Illuminate\\Pipeline\\{closure}(Object(Illuminate\\Http\\Request))
#25 C:\\xampp\\htdocs\\cero\\vendor\\laravel\\framework\\src\\Illuminate\\Pipeline\\Pipeline.php(171): Illuminate\\Foundation\\Http\\Middleware\\CheckForMaintenanceMode->handle(Object(Illuminate\\Http\\Request), Object(Closure))
#26 C:\\xampp\\htdocs\\cero\\vendor\\fideloper\\proxy\\src\\TrustProxies.php(57): Illuminate\\Pipeline\\Pipeline->Illuminate\\Pipeline\\{closure}(Object(Illuminate\\Http\\Request))
#27 C:\\xampp\\htdocs\\cero\\vendor\\laravel\\framework\\src\\Illuminate\\Pipeline\\Pipeline.php(171): Fideloper\\Proxy\\TrustProxies->handle(Object(Illuminate\\Http\\Request), Object(Closure))
#28 C:\\xampp\\htdocs\\cero\\vendor\\laravel\\framework\\src\\Illuminate\\Pipeline\\Pipeline.php(105): Illuminate\\Pipeline\\Pipeline->Illuminate\\Pipeline\\{closure}(Object(Illuminate\\Http\\Request))
#29 C:\\xampp\\htdocs\\cero\\vendor\\laravel\\framework\\src\\Illuminate\\Foundation\\Http\\Kernel.php(145): Illuminate\\Pipeline\\Pipeline->then(Object(Closure))
#30 C:\\xampp\\htdocs\\cero\\vendor\\laravel\\framework\\src\\Illuminate\\Foundation\\Http\\Kernel.php(110): Illuminate\\Foundation\\Http\\Kernel->sendRequestThroughRouter(Object(Illuminate\\Http\\Request))
#31 C:\\xampp\\htdocs\\cero\\public\\index.php(55): Illuminate\\Foundation\\Http\\Kernel->handle(Object(Illuminate\\Http\\Request))
#32 {main}
"} 
[2020-01-28 18:09:21] local.DEBUG: array (
  0 => 
  array (
    'Idnentrcp' => '1',
    'Idnentemp' => '1',
    'Idnentorg' => '1',
    'Idnentcln' => '1',
    'Uuid' => 'e10df5ca-60a1-4413-aaa9-92a8e0be374a',
    'Fchinccln' => '2020-01-29 00:00:00',
    'Tipentrcp' => '',
    'Kgsentrcp' => 0.0,
    'Cntcjsrcp' => 1,
    'Rtnentcln' => 0.0,
    'Vldentcln' => true,
    'Fnsentcln' => false,
    'CreatedAt' => '2020-01-28 17:58:34',
    'UpdatedAt' => '2020-01-28 17:58:34',
  ),
)  
[2020-01-28 18:09:39] local.DEBUG: array (
  0 => 
  array (
    'Idnentrcp' => '1',
    'Idnentemp' => '1',
    'Idnentorg' => '1',
    'Idnentcln' => '1',
    'Uuid' => 'e10df5ca-60a1-4413-aaa9-92a8e0be374a',
    'Fchinccln' => '2020-01-29 00:00:00',
    'Tipentrcp' => '',
    'Kgsentrcp' => 65.0,
    'Cntcjsrcp' => 1,
    'Rtnentcln' => 0.0,
    'Vldentcln' => true,
    'Fnsentcln' => false,
    'CreatedAt' => '2020-01-28 17:58:34',
    'UpdatedAt' => '2020-01-28 17:58:34',
  ),
)  
[2020-01-28 18:10:03] local.DEBUG: Tblentclns:
    -
        Idnentcln: '1'
        Idnentemp: '1'
        Idnentorg: '1'
        Uuid: 11be9f16-a625-479d-9659-a82d348dc438
        Prdentcln: 4
        Fchinccln: '2020-01-28 00:00:00'
        Fchfnlcln: '2020-01-31 06:00:00'
        Fnsentcln: false
        CreatedAt: '2020-01-28 17:58:34'
        UpdatedAt: '2020-01-28 17:58:34'
        Namentemp: 'El naranjo'
        Drcentemp: 'Tuxpan 107'
        Lclentemp: Universal
        Tlfofiemp: '6181087527'
        Emlofiemp: Marisa@gmail.com
  
[2020-01-28 18:10:08] local.DEBUG: Tblentclns:
    -
        Idnentcln: '1'
        Idnentemp: '1'
        Idnentorg: '1'
        Uuid: 11be9f16-a625-479d-9659-a82d348dc438
        Prdentcln: 4
        Fchinccln: '2020-01-28 00:00:00'
        Fchfnlcln: '2020-01-31 06:00:00'
        Fnsentcln: false
        CreatedAt: '2020-01-28 17:58:34'
        UpdatedAt: '2020-01-28 17:58:34'
        Namentemp: 'El naranjo'
        Drcentemp: 'Tuxpan 107'
        Lclentemp: Universal
        Tlfofiemp: '6181087527'
        Emlofiemp: Marisa@gmail.com
  
[2020-01-29 17:06:44] local.DEBUG: Tblentclns: {  }
  
[2020-01-29 17:07:33] local.DEBUG: Tblentclns:
    -
        Idnentcln: '1'
        Idnentemp: '1'
        Idnentorg: '1'
        Uuid: 0b3b2fdb-090f-4484-9b1c-e3844e02b317
        Prdentcln: 5
        Fchinccln: '2020-01-29 00:00:00'
        Fchfnlcln: '1970-01-01 00:00:00'
        Fnsentcln: false
        CreatedAt: '2020-01-29 17:07:08'
        UpdatedAt: '2020-01-29 17:07:08'
        Namentemp: 'El naranjo'
        Drcentemp: 'Tuxpan 107'
        Lclentemp: Universal
        Tlfofiemp: '6181087527'
        Emlofiemp: Marisa@gmail.com
  
[2020-01-29 17:54:43] local.DEBUG: Tblentclns: {  }
  
[2020-01-31 19:23:19] local.ERROR: SQLSTATE[HY000] [1049] Unknown database 'cerodb' (SQL: select * from information_schema.tables where table_schema = cerodb and table_name = users and table_type = 'BASE TABLE') {"exception":"[object] (Illuminate\\Database\\QueryException(code: 1049): SQLSTATE[HY000] [1049] Unknown database 'cerodb' (SQL: select * from information_schema.tables where table_schema = cerodb and table_name = users and table_type = 'BASE TABLE') at /mnt/c/xampp/htdocs/cero/vendor/laravel/framework/src/Illuminate/Database/Connection.php:669)
[stacktrace]
#0 /mnt/c/xampp/htdocs/cero/vendor/laravel/framework/src/Illuminate/Database/Connection.php(629): Illuminate\\Database\\Connection->runQueryCallback('select * from i...', Array, Object(Closure))
#1 /mnt/c/xampp/htdocs/cero/vendor/laravel/framework/src/Illuminate/Database/Connection.php(338): Illuminate\\Database\\Connection->run('select * from i...', Array, Object(Closure))
#2 /mnt/c/xampp/htdocs/cero/vendor/laravel/framework/src/Illuminate/Database/Schema/MySqlBuilder.php(18): Illuminate\\Database\\Connection->select('select * from i...', Array)
#3 /mnt/c/xampp/htdocs/cero/vendor/orangehill/iseed/src/Orangehill/Iseed/IseedCommand.php(203): Illuminate\\Database\\Schema\\MySqlBuilder->hasTable('users')
#4 /mnt/c/xampp/htdocs/cero/vendor/orangehill/iseed/src/Orangehill/Iseed/IseedCommand.php(92): Orangehill\\Iseed\\IseedCommand->generateFileName('users', NULL, NULL)
#5 /mnt/c/xampp/htdocs/cero/vendor/orangehill/iseed/src/Orangehill/Iseed/IseedCommand.php(42): Orangehill\\Iseed\\IseedCommand->fire()
#6 [internal function]: Orangehill\\Iseed\\IseedCommand->handle()
#7 /mnt/c/xampp/htdocs/cero/vendor/laravel/framework/src/Illuminate/Container/BoundMethod.php(32): call_user_func_array(Array, Array)
#8 /mnt/c/xampp/htdocs/cero/vendor/laravel/framework/src/Illuminate/Container/Util.php(36): Illuminate\\Container\\BoundMethod::Illuminate\\Container\\{closure}()
#9 /mnt/c/xampp/htdocs/cero/vendor/laravel/framework/src/Illuminate/Container/BoundMethod.php(90): Illuminate\\Container\\Util::unwrapIfClosure(Object(Closure))
#10 /mnt/c/xampp/htdocs/cero/vendor/laravel/framework/src/Illuminate/Container/BoundMethod.php(34): Illuminate\\Container\\BoundMethod::callBoundMethod(Object(Illuminate\\Foundation\\Application), Array, Object(Closure))
#11 /mnt/c/xampp/htdocs/cero/vendor/laravel/framework/src/Illuminate/Container/Container.php(590): Illuminate\\Container\\BoundMethod::call(Object(Illuminate\\Foundation\\Application), Array, Array, NULL)
#12 /mnt/c/xampp/htdocs/cero/vendor/laravel/framework/src/Illuminate/Console/Command.php(201): Illuminate\\Container\\Container->call(Array)
#13 /mnt/c/xampp/htdocs/cero/vendor/symfony/console/Command/Command.php(255): Illuminate\\Console\\Command->execute(Object(Symfony\\Component\\Console\\Input\\ArgvInput), Object(Illuminate\\Console\\OutputStyle))
#14 /mnt/c/xampp/htdocs/cero/vendor/laravel/framework/src/Illuminate/Console/Command.php(188): Symfony\\Component\\Console\\Command\\Command->run(Object(Symfony\\Component\\Console\\Input\\ArgvInput), Object(Illuminate\\Console\\OutputStyle))
#15 /mnt/c/xampp/htdocs/cero/vendor/symfony/console/Application.php(1012): Illuminate\\Console\\Command->run(Object(Symfony\\Component\\Console\\Input\\ArgvInput), Object(Symfony\\Component\\Console\\Output\\ConsoleOutput))
#16 /mnt/c/xampp/htdocs/cero/vendor/symfony/console/Application.php(272): Symfony\\Component\\Console\\Application->doRunCommand(Object(Orangehill\\Iseed\\IseedCommand), Object(Symfony\\Component\\Console\\Input\\ArgvInput), Object(Symfony\\Component\\Console\\Output\\ConsoleOutput))
#17 /mnt/c/xampp/htdocs/cero/vendor/symfony/console/Application.php(148): Symfony\\Component\\Console\\Application->doRun(Object(Symfony\\Component\\Console\\Input\\ArgvInput), Object(Symfony\\Component\\Console\\Output\\ConsoleOutput))
#18 /mnt/c/xampp/htdocs/cero/vendor/laravel/framework/src/Illuminate/Console/Application.php(93): Symfony\\Component\\Console\\Application->run(Object(Symfony\\Component\\Console\\Input\\ArgvInput), Object(Symfony\\Component\\Console\\Output\\ConsoleOutput))
#19 /mnt/c/xampp/htdocs/cero/vendor/laravel/framework/src/Illuminate/Foundation/Console/Kernel.php(131): Illuminate\\Console\\Application->run(Object(Symfony\\Component\\Console\\Input\\ArgvInput), Object(Symfony\\Component\\Console\\Output\\ConsoleOutput))
#20 /mnt/c/xampp/htdocs/cero/artisan(37): Illuminate\\Foundation\\Console\\Kernel->handle(Object(Symfony\\Component\\Console\\Input\\ArgvInput), Object(Symfony\\Component\\Console\\Output\\ConsoleOutput))
#21 {main}

[previous exception] [object] (PDOException(code: 1049): SQLSTATE[HY000] [1049] Unknown database 'cerodb' at /mnt/c/xampp/htdocs/cero/vendor/laravel/framework/src/Illuminate/Database/Connectors/Connector.php:70)
[stacktrace]
#0 /mnt/c/xampp/htdocs/cero/vendor/laravel/framework/src/Illuminate/Database/Connectors/Connector.php(70): PDO->__construct('mysql:host=127....', 'root', '', Array)
#1 /mnt/c/xampp/htdocs/cero/vendor/laravel/framework/src/Illuminate/Database/Connectors/Connector.php(46): Illuminate\\Database\\Connectors\\Connector->createPdoConnection('mysql:host=127....', 'root', '', Array)
#2 /mnt/c/xampp/htdocs/cero/vendor/laravel/framework/src/Illuminate/Database/Connectors/MySqlConnector.php(24): Illuminate\\Database\\Connectors\\Connector->createConnection('mysql:host=127....', Array, Array)
#3 /mnt/c/xampp/htdocs/cero/vendor/laravel/framework/src/Illuminate/Database/Connectors/ConnectionFactory.php(182): Illuminate\\Database\\Connectors\\MySqlConnector->connect(Array)
#4 [internal function]: Illuminate\\Database\\Connectors\\ConnectionFactory->Illuminate\\Database\\Connectors\\{closure}()
#5 /mnt/c/xampp/htdocs/cero/vendor/laravel/framework/src/Illuminate/Database/Connection.php(924): call_user_func(Object(Closure))
#6 /mnt/c/xampp/htdocs/cero/vendor/laravel/framework/src/Illuminate/Database/Connection.php(959): Illuminate\\Database\\Connection->getPdo()
#7 /mnt/c/xampp/htdocs/cero/vendor/laravel/framework/src/Illuminate/Database/Connection.php(404): Illuminate\\Database\\Connection->getReadPdo()
#8 /mnt/c/xampp/htdocs/cero/vendor/laravel/framework/src/Illuminate/Database/Connection.php(330): Illuminate\\Database\\Connection->getPdoForSelect(true)
#9 /mnt/c/xampp/htdocs/cero/vendor/laravel/framework/src/Illuminate/Database/Connection.php(662): Illuminate\\Database\\Connection->Illuminate\\Database\\{closure}('select * from i...', Array)
#10 /mnt/c/xampp/htdocs/cero/vendor/laravel/framework/src/Illuminate/Database/Connection.php(629): Illuminate\\Database\\Connection->runQueryCallback('select * from i...', Array, Object(Closure))
#11 /mnt/c/xampp/htdocs/cero/vendor/laravel/framework/src/Illuminate/Database/Connection.php(338): Illuminate\\Database\\Connection->run('select * from i...', Array, Object(Closure))
#12 /mnt/c/xampp/htdocs/cero/vendor/laravel/framework/src/Illuminate/Database/Schema/MySqlBuilder.php(18): Illuminate\\Database\\Connection->select('select * from i...', Array)
#13 /mnt/c/xampp/htdocs/cero/vendor/orangehill/iseed/src/Orangehill/Iseed/IseedCommand.php(203): Illuminate\\Database\\Schema\\MySqlBuilder->hasTable('users')
#14 /mnt/c/xampp/htdocs/cero/vendor/orangehill/iseed/src/Orangehill/Iseed/IseedCommand.php(92): Orangehill\\Iseed\\IseedCommand->generateFileName('users', NULL, NULL)
#15 /mnt/c/xampp/htdocs/cero/vendor/orangehill/iseed/src/Orangehill/Iseed/IseedCommand.php(42): Orangehill\\Iseed\\IseedCommand->fire()
#16 [internal function]: Orangehill\\Iseed\\IseedCommand->handle()
#17 /mnt/c/xampp/htdocs/cero/vendor/laravel/framework/src/Illuminate/Container/BoundMethod.php(32): call_user_func_array(Array, Array)
#18 /mnt/c/xampp/htdocs/cero/vendor/laravel/framework/src/Illuminate/Container/Util.php(36): Illuminate\\Container\\BoundMethod::Illuminate\\Container\\{closure}()
#19 /mnt/c/xampp/htdocs/cero/vendor/laravel/framework/src/Illuminate/Container/BoundMethod.php(90): Illuminate\\Container\\Util::unwrapIfClosure(Object(Closure))
#20 /mnt/c/xampp/htdocs/cero/vendor/laravel/framework/src/Illuminate/Container/BoundMethod.php(34): Illuminate\\Container\\BoundMethod::callBoundMethod(Object(Illuminate\\Foundation\\Application), Array, Object(Closure))
#21 /mnt/c/xampp/htdocs/cero/vendor/laravel/framework/src/Illuminate/Container/Container.php(590): Illuminate\\Container\\BoundMethod::call(Object(Illuminate\\Foundation\\Application), Array, Array, NULL)
#22 /mnt/c/xampp/htdocs/cero/vendor/laravel/framework/src/Illuminate/Console/Command.php(201): Illuminate\\Container\\Container->call(Array)
#23 /mnt/c/xampp/htdocs/cero/vendor/symfony/console/Command/Command.php(255): Illuminate\\Console\\Command->execute(Object(Symfony\\Component\\Console\\Input\\ArgvInput), Object(Illuminate\\Console\\OutputStyle))
#24 /mnt/c/xampp/htdocs/cero/vendor/laravel/framework/src/Illuminate/Console/Command.php(188): Symfony\\Component\\Console\\Command\\Command->run(Object(Symfony\\Component\\Console\\Input\\ArgvInput), Object(Illuminate\\Console\\OutputStyle))
#25 /mnt/c/xampp/htdocs/cero/vendor/symfony/console/Application.php(1012): Illuminate\\Console\\Command->run(Object(Symfony\\Component\\Console\\Input\\ArgvInput), Object(Symfony\\Component\\Console\\Output\\ConsoleOutput))
#26 /mnt/c/xampp/htdocs/cero/vendor/symfony/console/Application.php(272): Symfony\\Component\\Console\\Application->doRunCommand(Object(Orangehill\\Iseed\\IseedCommand), Object(Symfony\\Component\\Console\\Input\\ArgvInput), Object(Symfony\\Component\\Console\\Output\\ConsoleOutput))
#27 /mnt/c/xampp/htdocs/cero/vendor/symfony/console/Application.php(148): Symfony\\Component\\Console\\Application->doRun(Object(Symfony\\Component\\Console\\Input\\ArgvInput), Object(Symfony\\Component\\Console\\Output\\ConsoleOutput))
#28 /mnt/c/xampp/htdocs/cero/vendor/laravel/framework/src/Illuminate/Console/Application.php(93): Symfony\\Component\\Console\\Application->run(Object(Symfony\\Component\\Console\\Input\\ArgvInput), Object(Symfony\\Component\\Console\\Output\\ConsoleOutput))
#29 /mnt/c/xampp/htdocs/cero/vendor/laravel/framework/src/Illuminate/Foundation/Console/Kernel.php(131): Illuminate\\Console\\Application->run(Object(Symfony\\Component\\Console\\Input\\ArgvInput), Object(Symfony\\Component\\Console\\Output\\ConsoleOutput))
#30 /mnt/c/xampp/htdocs/cero/artisan(37): Illuminate\\Foundation\\Console\\Kernel->handle(Object(Symfony\\Component\\Console\\Input\\ArgvInput), Object(Symfony\\Component\\Console\\Output\\ConsoleOutput))
#31 {main}
"} 
